This is pdfTeX, Version 3.141592653-2.6-1.40.26 (MiKTeX 24.4) (preloaded format=pdflatex 2024.8.15)  20 MAR 2025 11:22
entering extended mode
 restricted \write18 enabled.
 %&-line parsing enabled.
**./corr_signals.tex
(corr_signals.tex
LaTeX2e <2024-06-01> patch level 2
L3 programming layer <2024-07-20>
(C:\Users\Admin\AppData\Local\Programs\MiKTeX\tex/latex/base\article.cls
Document Class: article 2024/02/08 v1.4n Standard LaTeX document class
(C:\Users\Admin\AppData\Local\Programs\MiKTeX\tex/latex/base\size10.clo
File: size10.clo 2024/02/08 v1.4n Standard LaTeX file (size option)
)
\c@part=\count194
\c@section=\count195
\c@subsection=\count196
\c@subsubsection=\count197
\c@paragraph=\count198
\c@subparagraph=\count199
\c@figure=\count266
\c@table=\count267
\abovecaptionskip=\skip49
\belowcaptionskip=\skip50
\bibindent=\dimen141
)
(C:\Users\Admin\AppData\Local\Programs\MiKTeX\tex/latex/biblatex\biblatex.sty
Package: biblatex 2024/03/21 v3.20 programmable bibliographies (PK/MW)

(C:\Users\Admin\AppData\Local\Programs\MiKTeX\tex/generic/pdftexcmds\pdftexcmds
.sty
Package: pdftexcmds 2020-06-27 v0.33 Utility functions of pdfTeX for LuaTeX (HO
)

(C:\Users\Admin\AppData\Local\Programs\MiKTeX\tex/generic/infwarerr\infwarerr.s
ty
Package: infwarerr 2019/12/03 v1.5 Providing info/warning/error messages (HO)
) (C:\Users\Admin\AppData\Local\Programs\MiKTeX\tex/generic/iftex\iftex.sty
Package: iftex 2022/02/03 v1.0f TeX engine tests
)
(C:\Users\Admin\AppData\Local\Programs\MiKTeX\tex/generic/ltxcmds\ltxcmds.sty
Package: ltxcmds 2023-12-04 v1.26 LaTeX kernel commands for general use (HO)
)
Package pdftexcmds Info: \pdf@primitive is available.
Package pdftexcmds Info: \pdf@ifprimitive is available.
Package pdftexcmds Info: \pdfdraftmode found.
) (C:\Users\Admin\AppData\Local\Programs\MiKTeX\tex/latex/etoolbox\etoolbox.sty
Package: etoolbox 2020/10/05 v2.5k e-TeX tools for LaTeX (JAW)
\etb@tempcnta=\count268
) (C:\Users\Admin\AppData\Local\Programs\MiKTeX\tex/latex/graphics\keyval.sty
Package: keyval 2022/05/29 v1.15 key=value parser (DPC)
\KV@toks@=\toks17
)
(C:\Users\Admin\AppData\Local\Programs\MiKTeX\tex/latex/kvoptions\kvoptions.sty
Package: kvoptions 2022-06-15 v3.15 Key value format for package options (HO)

(C:\Users\Admin\AppData\Local\Programs\MiKTeX\tex/latex/kvsetkeys\kvsetkeys.sty
Package: kvsetkeys 2022-10-05 v1.19 Key value parser (HO)
)) (C:\Users\Admin\AppData\Local\Programs\MiKTeX\tex/latex/logreq\logreq.sty
Package: logreq 2010/08/04 v1.0 xml request logger
\lrq@indent=\count269

(C:\Users\Admin\AppData\Local\Programs\MiKTeX\tex/latex/logreq\logreq.def
File: logreq.def 2010/08/04 v1.0 logreq spec v1.0
))
(C:\Users\Admin\AppData\Local\Programs\MiKTeX\tex/latex/base\ifthen.sty
Package: ifthen 2024/03/16 v1.1e Standard LaTeX ifthen package (DPC)
)
(C:\Users\Admin\AppData\Local\Programs\MiKTeX\tex/latex/url\url.sty
\Urlmuskip=\muskip17
Package: url 2013/09/16  ver 3.4  Verb mode for urls, etc.
)
\c@tabx@nest=\count270
\c@listtotal=\count271
\c@listcount=\count272
\c@liststart=\count273
\c@liststop=\count274
\c@citecount=\count275
\c@citetotal=\count276
\c@multicitecount=\count277
\c@multicitetotal=\count278
\c@instcount=\count279
\c@maxnames=\count280
\c@minnames=\count281
\c@maxitems=\count282
\c@minitems=\count283
\c@citecounter=\count284
\c@maxcitecounter=\count285
\c@savedcitecounter=\count286
\c@uniquelist=\count287
\c@uniquename=\count288
\c@refsection=\count289
\c@refsegment=\count290
\c@maxextratitle=\count291
\c@maxextratitleyear=\count292
\c@maxextraname=\count293
\c@maxextradate=\count294
\c@maxextraalpha=\count295
\c@abbrvpenalty=\count296
\c@highnamepenalty=\count297
\c@lownamepenalty=\count298
\c@maxparens=\count299
\c@parenlevel=\count300
\blx@tempcnta=\count301
\blx@tempcntb=\count302
\blx@tempcntc=\count303
\c@blx@maxsection=\count304
\blx@maxsegment@0=\count305
\blx@notetype=\count306
\blx@parenlevel@text=\count307
\blx@parenlevel@foot=\count308
\blx@sectionciteorder@0=\count309
\blx@sectionciteorderinternal@0=\count310
\blx@entrysetcounter=\count311
\blx@biblioinstance=\count312
\labelnumberwidth=\skip51
\labelalphawidth=\skip52
\biblabelsep=\skip53
\bibitemsep=\skip54
\bibnamesep=\skip55
\bibinitsep=\skip56
\bibparsep=\skip57
\bibhang=\skip58
\blx@bcfin=\read2
\blx@bcfout=\write3
\blx@langwohyphens=\language79
\c@mincomprange=\count313
\c@maxcomprange=\count314
\c@mincompwidth=\count315
Package biblatex Info: Trying to load biblatex default data model...
Package biblatex Info: ... file 'blx-dm.def' found.

(C:\Users\Admin\AppData\Local\Programs\MiKTeX\tex/latex/biblatex\blx-dm.def
File: blx-dm.def 2024/03/21 v3.20 biblatex datamodel (PK/MW)
)
Package biblatex Info: Trying to load biblatex custom data model...
Package biblatex Info: ... file 'biblatex-dm.cfg' not found.
\c@afterword=\count316
\c@savedafterword=\count317
\c@annotator=\count318
\c@savedannotator=\count319
\c@author=\count320
\c@savedauthor=\count321
\c@bookauthor=\count322
\c@savedbookauthor=\count323
\c@commentator=\count324
\c@savedcommentator=\count325
\c@editor=\count326
\c@savededitor=\count327
\c@editora=\count328
\c@savededitora=\count329
\c@editorb=\count330
\c@savededitorb=\count331
\c@editorc=\count332
\c@savededitorc=\count333
\c@foreword=\count334
\c@savedforeword=\count335
\c@holder=\count336
\c@savedholder=\count337
\c@introduction=\count338
\c@savedintroduction=\count339
\c@namea=\count340
\c@savednamea=\count341
\c@nameb=\count342
\c@savednameb=\count343
\c@namec=\count344
\c@savednamec=\count345
\c@translator=\count346
\c@savedtranslator=\count347
\c@shortauthor=\count348
\c@savedshortauthor=\count349
\c@shorteditor=\count350
\c@savedshorteditor=\count351
\c@labelname=\count352
\c@savedlabelname=\count353
\c@institution=\count354
\c@savedinstitution=\count355
\c@lista=\count356
\c@savedlista=\count357
\c@listb=\count358
\c@savedlistb=\count359
\c@listc=\count360
\c@savedlistc=\count361
\c@listd=\count362
\c@savedlistd=\count363
\c@liste=\count364
\c@savedliste=\count365
\c@listf=\count366
\c@savedlistf=\count367
\c@location=\count368
\c@savedlocation=\count369
\c@organization=\count370
\c@savedorganization=\count371
\c@origlocation=\count372
\c@savedoriglocation=\count373
\c@origpublisher=\count374
\c@savedorigpublisher=\count375
\c@publisher=\count376
\c@savedpublisher=\count377
\c@language=\count378
\c@savedlanguage=\count379
\c@origlanguage=\count380
\c@savedoriglanguage=\count381
\c@pageref=\count382
\c@savedpageref=\count383
\shorthandwidth=\skip59
\shortjournalwidth=\skip60
\shortserieswidth=\skip61
\shorttitlewidth=\skip62
\shortauthorwidth=\skip63
\shorteditorwidth=\skip64
\locallabelnumberwidth=\skip65
\locallabelalphawidth=\skip66
\localshorthandwidth=\skip67
\localshortjournalwidth=\skip68
\localshortserieswidth=\skip69
\localshorttitlewidth=\skip70
\localshortauthorwidth=\skip71
\localshorteditorwidth=\skip72
Package biblatex Info: Trying to load compatibility code...
Package biblatex Info: ... file 'blx-compat.def' found.

(C:\Users\Admin\AppData\Local\Programs\MiKTeX\tex/latex/biblatex\blx-compat.def
File: blx-compat.def 2024/03/21 v3.20 biblatex compatibility (PK/MW)
)
Package biblatex Info: Trying to load BibTeX backend compatibility...
Package biblatex Info: ... file 'blx-bibtex.def' found.

(C:\Users\Admin\AppData\Local\Programs\MiKTeX\tex/latex/biblatex\blx-bibtex.def
File: blx-bibtex.def 2024/03/21 v3.20 biblatex compatibility (PK/MW)

Package biblatex Warning: Using fall-back bibtex backend:
(biblatex)                functionality may be reduced/unavailable.

)
Package biblatex Info: Trying to load generic definitions...
Package biblatex Info: ... file 'biblatex.def' found.
 (C:\Users\Admin\AppData\Local\Programs\MiKTeX\tex/latex/biblatex\biblatex.def
File: biblatex.def 2024/03/21 v3.20 biblatex compatibility (PK/MW)
\c@textcitecount=\count384
\c@textcitetotal=\count385
\c@textcitemaxnames=\count386
\c@biburlbigbreakpenalty=\count387
\c@biburlbreakpenalty=\count388
\c@biburlnumpenalty=\count389
\c@biburlucpenalty=\count390
\c@biburllcpenalty=\count391
\biburlbigskip=\muskip18
\biburlnumskip=\muskip19
\biburlucskip=\muskip20
\biburllcskip=\muskip21
\c@smartand=\count392
)
Package biblatex Info: Trying to load bibliography style 'numeric'...
Package biblatex Info: ... file 'numeric.bbx' found.

(C:\Users\Admin\AppData\Local\Programs\MiKTeX\tex/latex/biblatex/bbx\numeric.bb
x
File: numeric.bbx 2024/03/21 v3.20 biblatex bibliography style (PK/MW)
Package biblatex Info: Trying to load bibliography style 'standard'...
Package biblatex Info: ... file 'standard.bbx' found.

(C:\Users\Admin\AppData\Local\Programs\MiKTeX\tex/latex/biblatex/bbx\standard.b
bx
File: standard.bbx 2024/03/21 v3.20 biblatex bibliography style (PK/MW)
\c@bbx:relatedcount=\count393
\c@bbx:relatedtotal=\count394
))
Package biblatex Info: Trying to load citation style 'numeric'...
Package biblatex Info: ... file 'numeric.cbx' found.

(C:\Users\Admin\AppData\Local\Programs\MiKTeX\tex/latex/biblatex/cbx\numeric.cb
x
File: numeric.cbx 2024/03/21 v3.20 biblatex citation style (PK/MW)
Package biblatex Info: Redefining '\cite'.
Package biblatex Info: Redefining '\parencite'.
Package biblatex Info: Redefining '\footcite'.
Package biblatex Info: Redefining '\footcitetext'.
Package biblatex Info: Redefining '\smartcite'.
Package biblatex Info: Redefining '\supercite'.
Package biblatex Info: Redefining '\textcite'.
Package biblatex Info: Redefining '\textcites'.
Package biblatex Info: Redefining '\cites'.
Package biblatex Info: Redefining '\parencites'.
Package biblatex Info: Redefining '\smartcites'.
)
Package biblatex Info: Trying to load configuration file...
Package biblatex Info: ... file 'biblatex.cfg' found.

(C:\Users\Admin\AppData\Local\Programs\MiKTeX\tex/latex/biblatex\biblatex.cfg
File: biblatex.cfg 
)
Package biblatex Info: Input encoding 'utf8' detected.
Package biblatex Info: Document encoding is UTF8 ....

(C:\Users\Admin\AppData\Local\Programs\MiKTeX\tex/latex/l3kernel\expl3.sty
Package: expl3 2024-07-20 L3 programming layer (loader) 

(C:\Users\Admin\AppData\Local\Programs\MiKTeX\tex/latex/l3backend\l3backend-pdf
tex.def
File: l3backend-pdftex.def 2024-05-08 L3 backend support: PDF output (pdfTeX)
\l__color_backend_stack_int=\count395
\l__pdf_internal_box=\box52
))
Package biblatex Info: ... and expl3
(biblatex)             2024-07-20 L3 programming layer (loader) 
(biblatex)             is new enough (at least 2020/04/06),
(biblatex)             setting 'casechanger=expl3'.

(C:\Users\Admin\AppData\Local\Programs\MiKTeX\tex/latex/biblatex\blx-case-expl3
.sty
(C:\Users\Admin\AppData\Local\Programs\MiKTeX\tex/latex/l3packages/xparse\xpars
e.sty
Package: xparse 2024-05-08 L3 Experimental document command parser
)
Package: blx-case-expl3 2024/03/21 v3.20 expl3 case changing code for biblatex
))
(C:\Users\Admin\AppData\Local\Programs\MiKTeX\tex/latex/graphics\graphicx.sty
Package: graphicx 2021/09/16 v1.2d Enhanced LaTeX Graphics (DPC,SPQR)

(C:\Users\Admin\AppData\Local\Programs\MiKTeX\tex/latex/graphics\graphics.sty
Package: graphics 2024/05/23 v1.4g Standard LaTeX Graphics (DPC,SPQR)

(C:\Users\Admin\AppData\Local\Programs\MiKTeX\tex/latex/graphics\trig.sty
Package: trig 2023/12/02 v1.11 sin cos tan (DPC)
)
(C:\Users\Admin\AppData\Local\Programs\MiKTeX\tex/latex/graphics-cfg\graphics.c
fg
File: graphics.cfg 2016/06/04 v1.11 sample graphics configuration
)
Package graphics Info: Driver file: pdftex.def on input line 106.

(C:\Users\Admin\AppData\Local\Programs\MiKTeX\tex/latex/graphics-def\pdftex.def
File: pdftex.def 2024/04/13 v1.2c Graphics/color driver for pdftex
))
\Gin@req@height=\dimen142
\Gin@req@width=\dimen143
) (C:\Users\Admin\AppData\Local\Programs\MiKTeX\tex/generic/babel\babel.sty
Package: babel 2024/06/26 v24.7 The Babel package
\babel@savecnt=\count396
\U@D=\dimen144
\l@unhyphenated=\language80

(C:\Users\Admin\AppData\Local\Programs\MiKTeX\tex/generic/babel\txtbabel.def)
\bbl@readstream=\read3
\bbl@dirlevel=\count397

*************************************
* Local config file bblopts.cfg used
*
(C:\Users\Admin\AppData\Local\Programs\MiKTeX\tex/latex/arabi\bblopts.cfg
File: bblopts.cfg 2005/09/08 v0.1 add Arabic and Farsi to "declared" options of
 babel
)
(C:\Users\Admin\AppData\Local\Programs\MiKTeX\tex/latex/babel-english\english.l
df
Language: english 2017/06/06 v3.3r English support from the babel system
Package babel Info: Hyphen rules for 'canadian' set to \l@english
(babel)             (\language0). Reported on input line 102.
Package babel Info: Hyphen rules for 'australian' set to \l@ukenglish
(babel)             (\language73). Reported on input line 105.
Package babel Info: Hyphen rules for 'newzealand' set to \l@ukenglish
(babel)             (\language73). Reported on input line 108.
))
(C:\Users\Admin\AppData\Local\Programs\MiKTeX\tex/generic/babel/locale/en\babel
-english.tex
Package babel Info: Importing font and identification data for english
(babel)             from babel-en.ini. Reported on input line 11.
)
(C:\Users\Admin\AppData\Local\Programs\MiKTeX\tex/latex/csquotes\csquotes.sty
Package: csquotes 2024-04-04 v5.2o context-sensitive quotations (JAW)
\csq@reset=\count398
\csq@gtype=\count399
\csq@glevel=\count400
\csq@qlevel=\count401
\csq@maxlvl=\count402
\csq@tshold=\count403
\csq@ltx@everypar=\toks18

(C:\Users\Admin\AppData\Local\Programs\MiKTeX\tex/latex/csquotes\csquotes.def
File: csquotes.def 2024-04-04 v5.2o csquotes generic definitions (JAW)
)
Package csquotes Info: Trying to load configuration file 'csquotes.cfg'...
Package csquotes Info: ... configuration file loaded successfully.

(C:\Users\Admin\AppData\Local\Programs\MiKTeX\tex/latex/csquotes\csquotes.cfg
File: csquotes.cfg 
)
Package csquotes Info: Enabling multilingual quotes.
Package csquotes Info: Redefining alias 'english' -> 'english/american'.
)
Package csquotes Info: Allocating character ".
(C:\Users\Admin\AppData\Local\Programs\MiKTeX\tex/latex/amsmath\amsmath.sty
Package: amsmath 2024/05/23 v2.17q AMS math features
\@mathmargin=\skip73

For additional information on amsmath, use the `?' option.
(C:\Users\Admin\AppData\Local\Programs\MiKTeX\tex/latex/amsmath\amstext.sty
Package: amstext 2021/08/26 v2.01 AMS text

(C:\Users\Admin\AppData\Local\Programs\MiKTeX\tex/latex/amsmath\amsgen.sty
File: amsgen.sty 1999/11/30 v2.0 generic functions
\@emptytoks=\toks19
\ex@=\dimen145
))
(C:\Users\Admin\AppData\Local\Programs\MiKTeX\tex/latex/amsmath\amsbsy.sty
Package: amsbsy 1999/11/29 v1.2d Bold Symbols
\pmbraise@=\dimen146
)
(C:\Users\Admin\AppData\Local\Programs\MiKTeX\tex/latex/amsmath\amsopn.sty
Package: amsopn 2022/04/08 v2.04 operator names
)
\inf@bad=\count404
LaTeX Info: Redefining \frac on input line 233.
\uproot@=\count405
\leftroot@=\count406
LaTeX Info: Redefining \overline on input line 398.
LaTeX Info: Redefining \colon on input line 409.
\classnum@=\count407
\DOTSCASE@=\count408
LaTeX Info: Redefining \ldots on input line 495.
LaTeX Info: Redefining \dots on input line 498.
LaTeX Info: Redefining \cdots on input line 619.
\Mathstrutbox@=\box53
\strutbox@=\box54
LaTeX Info: Redefining \big on input line 721.
LaTeX Info: Redefining \Big on input line 722.
LaTeX Info: Redefining \bigg on input line 723.
LaTeX Info: Redefining \Bigg on input line 724.
\big@size=\dimen147
LaTeX Font Info:    Redeclaring font encoding OML on input line 742.
LaTeX Font Info:    Redeclaring font encoding OMS on input line 743.
\macc@depth=\count409
LaTeX Info: Redefining \bmod on input line 904.
LaTeX Info: Redefining \pmod on input line 909.
LaTeX Info: Redefining \smash on input line 939.
LaTeX Info: Redefining \relbar on input line 969.
LaTeX Info: Redefining \Relbar on input line 970.
\c@MaxMatrixCols=\count410
\dotsspace@=\muskip22
\c@parentequation=\count411
\dspbrk@lvl=\count412
\tag@help=\toks20
\row@=\count413
\column@=\count414
\maxfields@=\count415
\andhelp@=\toks21
\eqnshift@=\dimen148
\alignsep@=\dimen149
\tagshift@=\dimen150
\tagwidth@=\dimen151
\totwidth@=\dimen152
\lineht@=\dimen153
\@envbody=\toks22
\multlinegap=\skip74
\multlinetaggap=\skip75
\mathdisplay@stack=\toks23
LaTeX Info: Redefining \[ on input line 2953.
LaTeX Info: Redefining \] on input line 2954.
)
(C:\Users\Admin\AppData\Local\Programs\MiKTeX\tex/latex/boondox\BOONDOX-cal.sty
Package: BOONDOX-cal 2017/02/25 v1.02 U/BOONDOX-cal
(C:\Users\Admin\AppData\Local\Programs\MiKTeX\tex/latex/xkeyval\xkeyval.sty
Package: xkeyval 2022/06/16 v2.9 package option processing (HA)

(C:\Users\Admin\AppData\Local\Programs\MiKTeX\tex/generic/xkeyval\xkeyval.tex
(C:\Users\Admin\AppData\Local\Programs\MiKTeX\tex/generic/xkeyval\xkvutils.tex
\XKV@toks=\toks24
\XKV@tempa@toks=\toks25
)
\XKV@depth=\count416
File: xkeyval.tex 2014/12/03 v2.7a key=value parser (HA)
))
LaTeX Font Info:    Redeclaring math alphabet \mathcal on input line 10.
LaTeX Font Info:    Overwriting math alphabet `\mathcal' in version `bold'
(Font)                  U/BOONDOX-cal/m/n --> U/BOONDOX-cal/b/n on input line 1
1.
)
(C:\Users\Admin\AppData\Local\Programs\MiKTeX\tex/latex/blindtext\blindtext.sty
Package: blindtext 2012/01/06 V2.0 blindtext-Package
(C:\Users\Admin\AppData\Local\Programs\MiKTeX\tex/latex/tools\xspace.sty
Package: xspace 2014/10/28 v1.13 Space after command names (DPC,MH)
)
\c@blindtext=\count417
\c@Blindtext=\count418
\c@blind@countparstart=\count419
\blind@countxx=\count420
\blindtext@numBlindtext=\count421
\blind@countyy=\count422
\c@blindlist=\count423
\c@blindlistlevel=\count424
\c@blindlist@level=\count425
\blind@listitem=\count426
\c@blind@listcount=\count427
\c@blind@levelcount=\count428
\blind@mathformula=\count429
\blind@Mathformula=\count430
\c@blind@randomcount=\count431
\c@blind@randommax=\count432
\c@blind@pangramcount=\count433
\c@blind@pangrammax=\count434
)
(C:\Users\Admin\AppData\Local\Programs\MiKTeX\tex/latex/caption\caption.sty
Package: caption 2023/08/05 v3.6o Customizing captions (AR)

(C:\Users\Admin\AppData\Local\Programs\MiKTeX\tex/latex/caption\caption3.sty
Package: caption3 2023/07/31 v2.4d caption3 kernel (AR)
\caption@tempdima=\dimen154
\captionmargin=\dimen155
\caption@leftmargin=\dimen156
\caption@rightmargin=\dimen157
\caption@width=\dimen158
\caption@indent=\dimen159
\caption@parindent=\dimen160
\caption@hangindent=\dimen161
Package caption Info: Standard document class detected.
)
\c@caption@flags=\count435
\c@continuedfloat=\count436
)
(C:\Users\Admin\AppData\Local\Programs\MiKTeX\tex/latex/hyperref\hyperref.sty
Package: hyperref 2024-07-10 v7.01j Hypertext links for LaTeX

(C:\Users\Admin\AppData\Local\Programs\MiKTeX\tex/generic/kvdefinekeys\kvdefine
keys.sty
Package: kvdefinekeys 2019-12-19 v1.6 Define keys (HO)
)
(C:\Users\Admin\AppData\Local\Programs\MiKTeX\tex/generic/pdfescape\pdfescape.s
ty
Package: pdfescape 2019/12/09 v1.15 Implements pdfTeX's escape features (HO)
) (C:\Users\Admin\AppData\Local\Programs\MiKTeX\tex/latex/hycolor\hycolor.sty
Package: hycolor 2020-01-27 v1.10 Color options for hyperref/bookmark (HO)
) (C:\Users\Admin\AppData\Local\Programs\MiKTeX\tex/latex/hyperref\nameref.sty
Package: nameref 2023-11-26 v2.56 Cross-referencing by name of section

(C:\Users\Admin\AppData\Local\Programs\MiKTeX\tex/latex/refcount\refcount.sty
Package: refcount 2019/12/15 v3.6 Data extraction from label references (HO)
)
(C:\Users\Admin\AppData\Local\Programs\MiKTeX\tex/generic/gettitlestring\gettit
lestring.sty
Package: gettitlestring 2019/12/15 v1.6 Cleanup title references (HO)
)
\c@section@level=\count437
)
(C:\Users\Admin\AppData\Local\Programs\MiKTeX\tex/generic/stringenc\stringenc.s
ty
Package: stringenc 2019/11/29 v1.12 Convert strings between diff. encodings (HO
)
)
\@linkdim=\dimen162
\Hy@linkcounter=\count438
\Hy@pagecounter=\count439
 (C:\Users\Admin\AppData\Local\Programs\MiKTeX\tex/latex/hyperref\pd1enc.def
File: pd1enc.def 2024-07-10 v7.01j Hyperref: PDFDocEncoding definition (HO)
Now handling font encoding PD1 ...
... no UTF-8 mapping file for font encoding PD1
) (C:\Users\Admin\AppData\Local\Programs\MiKTeX\tex/generic/intcalc\intcalc.sty
Package: intcalc 2019/12/15 v1.3 Expandable calculations with integers (HO)
)
\Hy@SavedSpaceFactor=\count440
 (C:\Users\Admin\AppData\Local\Programs\MiKTeX\tex/latex/hyperref\puenc.def
File: puenc.def 2024-07-10 v7.01j Hyperref: PDF Unicode definition (HO)
Now handling font encoding PU ...
... no UTF-8 mapping file for font encoding PU
)
Package hyperref Info: Hyper figures OFF on input line 4157.
Package hyperref Info: Link nesting OFF on input line 4162.
Package hyperref Info: Hyper index ON on input line 4165.
Package hyperref Info: Plain pages OFF on input line 4172.
Package hyperref Info: Backreferencing OFF on input line 4177.
Package hyperref Info: Implicit mode ON; LaTeX internals redefined.
Package hyperref Info: Bookmarks ON on input line 4424.
\c@Hy@tempcnt=\count441
LaTeX Info: Redefining \url on input line 4763.
\XeTeXLinkMargin=\dimen163

(C:\Users\Admin\AppData\Local\Programs\MiKTeX\tex/generic/bitset\bitset.sty
Package: bitset 2019/12/09 v1.3 Handle bit-vector datatype (HO)

(C:\Users\Admin\AppData\Local\Programs\MiKTeX\tex/generic/bigintcalc\bigintcalc
.sty
Package: bigintcalc 2019/12/15 v1.5 Expandable calculations on big integers (HO
)
))
\Fld@menulength=\count442
\Field@Width=\dimen164
\Fld@charsize=\dimen165
Package hyperref Info: Hyper figures OFF on input line 6042.
Package hyperref Info: Link nesting OFF on input line 6047.
Package hyperref Info: Hyper index ON on input line 6050.
Package hyperref Info: backreferencing OFF on input line 6057.
Package hyperref Info: Link coloring OFF on input line 6062.
Package hyperref Info: Link coloring with OCG OFF on input line 6067.
Package hyperref Info: PDF/A mode OFF on input line 6072.

(C:\Users\Admin\AppData\Local\Programs\MiKTeX\tex/latex/base\atbegshi-ltx.sty
Package: atbegshi-ltx 2021/01/10 v1.0c Emulation of the original atbegshi
package with kernel methods
)
\Hy@abspage=\count443
\c@Item=\count444
\c@Hfootnote=\count445
)
Package hyperref Info: Driver (autodetected): hpdftex.
(C:\Users\Admin\AppData\Local\Programs\MiKTeX\tex/latex/hyperref\hpdftex.def
File: hpdftex.def 2024-07-10 v7.01j Hyperref driver for pdfTeX

(C:\Users\Admin\AppData\Local\Programs\MiKTeX\tex/latex/base\atveryend-ltx.sty
Package: atveryend-ltx 2020/08/19 v1.0a Emulation of the original atveryend pac
kage
with kernel methods
)
\Fld@listcount=\count446
\c@bookmark@seq@number=\count447

(C:\Users\Admin\AppData\Local\Programs\MiKTeX\tex/latex/rerunfilecheck\rerunfil
echeck.sty
Package: rerunfilecheck 2022-07-10 v1.10 Rerun checks for auxiliary files (HO)

(C:\Users\Admin\AppData\Local\Programs\MiKTeX\tex/generic/uniquecounter\uniquec
ounter.sty
Package: uniquecounter 2019/12/15 v1.4 Provide unlimited unique counter (HO)
)
Package uniquecounter Info: New unique counter `rerunfilecheck' on input line 2
85.
)
\Hy@SectionHShift=\skip76
)
(C:\Users\Admin\AppData\Local\Programs\MiKTeX\tex/latex/amsfonts\amssymb.sty
Package: amssymb 2013/01/14 v3.01 AMS font symbols

(C:\Users\Admin\AppData\Local\Programs\MiKTeX\tex/latex/amsfonts\amsfonts.sty
Package: amsfonts 2013/01/14 v3.01 Basic AMSFonts support
\symAMSa=\mathgroup4
\symAMSb=\mathgroup5
LaTeX Font Info:    Redeclaring math symbol \hbar on input line 98.
LaTeX Font Info:    Overwriting math alphabet `\mathfrak' in version `bold'
(Font)                  U/euf/m/n --> U/euf/b/n on input line 106.
))
Package csquotes Info: Checking for multilingual support...
Package csquotes Info: ... found 'babel' package.
(corr_signals.aux)
\openout1 = `corr_signals.aux'.

LaTeX Font Info:    Checking defaults for OML/cmm/m/it on input line 27.
LaTeX Font Info:    ... okay on input line 27.
LaTeX Font Info:    Checking defaults for OMS/cmsy/m/n on input line 27.
LaTeX Font Info:    ... okay on input line 27.
LaTeX Font Info:    Checking defaults for OT1/cmr/m/n on input line 27.
LaTeX Font Info:    ... okay on input line 27.
LaTeX Font Info:    Checking defaults for T1/cmr/m/n on input line 27.
LaTeX Font Info:    ... okay on input line 27.
LaTeX Font Info:    Checking defaults for TS1/cmr/m/n on input line 27.
LaTeX Font Info:    ... okay on input line 27.
LaTeX Font Info:    Checking defaults for OMX/cmex/m/n on input line 27.
LaTeX Font Info:    ... okay on input line 27.
LaTeX Font Info:    Checking defaults for U/cmr/m/n on input line 27.
LaTeX Font Info:    ... okay on input line 27.
LaTeX Font Info:    Checking defaults for PD1/pdf/m/n on input line 27.
LaTeX Font Info:    ... okay on input line 27.
LaTeX Font Info:    Checking defaults for PU/pdf/m/n on input line 27.
LaTeX Font Info:    ... okay on input line 27.
Package biblatex Info: Trying to load language 'english'...
Package biblatex Info: ... file 'english.lbx' found.

(C:\Users\Admin\AppData\Local\Programs\MiKTeX\tex/latex/biblatex/lbx\english.lb
x
File: english.lbx 2024/03/21 v3.20 biblatex localization (PK/MW)
)
Package biblatex Info: Input encoding 'utf8' detected.
Package biblatex Info: Automatic encoding selection.
(biblatex)             Assuming data encoding 'utf8'.
Package biblatex Info: Input encoding 'utf8' detected.
Package biblatex Info: Data encoding 'utf8' specified.
(biblatex)             No need to reencode data.
\openout3 = `corr_signals-blx.bib'.

Package biblatex Info: Trying to load bibliographic data...
Package biblatex Info: ... file 'corr_signals.bbl' found.
 (corr_signals.bbl)
Package biblatex Info: Reference section=0 on input line 27.
Package biblatex Info: Reference segment=0 on input line 27.

(C:\Users\Admin\AppData\Local\Programs\MiKTeX\tex/context/base/mkii\supp-pdf.mk
ii
[Loading MPS to PDF converter (version 2006.09.02).]
\scratchcounter=\count448
\scratchdimen=\dimen166
\scratchbox=\box55
\nofMPsegments=\count449
\nofMParguments=\count450
\everyMPshowfont=\toks26
\MPscratchCnt=\count451
\MPscratchDim=\dimen167
\MPnumerator=\count452
\makeMPintoPDFobject=\count453
\everyMPtoPDFconversion=\toks27
)
(C:\Users\Admin\AppData\Local\Programs\MiKTeX\tex/latex/epstopdf-pkg\epstopdf-b
ase.sty
Package: epstopdf-base 2020-01-24 v2.11 Base part for package epstopdf
Package epstopdf-base Info: Redefining graphics rule for `.eps' on input line 4
85.

(C:\Users\Admin\AppData\Local\Programs\MiKTeX\tex/latex/00miktex\epstopdf-sys.c
fg
File: epstopdf-sys.cfg 2021/03/18 v2.0 Configuration of epstopdf for MiKTeX
))
Package csquotes Info: Making character " active on input line 27.
Package caption Info: Begin \AtBeginDocument code.
Package caption Info: hyperref package is loaded.
Package caption Info: End \AtBeginDocument code.
Package hyperref Info: Link coloring OFF on input line 27.
 (corr_signals.out) (corr_signals.out)
\@outlinefile=\write4
\openout4 = `corr_signals.out'.

LaTeX Font Info:    Trying to load font information for U+msa on input line 33.


(C:\Users\Admin\AppData\Local\Programs\MiKTeX\tex/latex/amsfonts\umsa.fd
File: umsa.fd 2013/01/14 v3.01 AMS symbols A
)
LaTeX Font Info:    Trying to load font information for U+msb on input line 33.


(C:\Users\Admin\AppData\Local\Programs\MiKTeX\tex/latex/amsfonts\umsb.fd
File: umsb.fd 2013/01/14 v3.01 AMS symbols B
)

[1

{C:/Users/Admin/AppData/Local/MiKTeX/fonts/map/pdftex/pdftex.map}]

[2]

[3]

[4]
LaTeX Font Info:    Trying to load font information for U+BOONDOX-cal on input 
line 67.

(C:\Users\Admin\AppData\Local\Programs\MiKTeX\tex/latex/boondox\uboondox-cal.fd
File: uboondox-cal.fd 2011/04/26 Fontinst v1.933 font definitions for U/BOONDOX
-cal.
)
LaTeX Font Info:    Font shape `U/BOONDOX-cal/m/n' will be
(Font)              scaled to size 10.0pt on input line 67.
LaTeX Font Info:    Font shape `U/BOONDOX-cal/m/n' will be
(Font)              scaled to size 7.0pt on input line 67.
LaTeX Font Info:    Font shape `U/BOONDOX-cal/m/n' will be
(Font)              scaled to size 5.0pt on input line 67.
<../Figures/game tree 2x2x2.pdf, id=166, 1961.5021pt x 9105.9906pt>
File: ../Figures/game tree 2x2x2.pdf Graphic file (type pdf)
<use ../Figures/game tree 2x2x2.pdf>
Package pdftex.def Info: ../Figures/game tree 2x2x2.pdf  used on input line 74.

(pdftex.def)             Requested size: 284.51527pt x 284.42256pt.


LaTeX Warning: `!h' float specifier changed to `!ht'.



[5]
<../Figures/game tree 2x2x2 beginning.pdf, id=180, 728.78174pt x 870.86554pt>
File: ../Figures/game tree 2x2x2 beginning.pdf Graphic file (type pdf)
<use ../Figures/game tree 2x2x2 beginning.pdf>
Package pdftex.def Info: ../Figures/game tree 2x2x2 beginning.pdf  used on inpu
t line 85.
(pdftex.def)             Requested size: 182.19498pt x 217.71585pt.


LaTeX Warning: `!h' float specifier changed to `!ht'.



[6 <../Figures/game tree 2x2x2.pdf>]

[7 <../Figures/game tree 2x2x2 beginning.pdf>]
<../Figures/liability signals default.pdf, id=215, 765.77898pt x 569.4545pt>
File: ../Figures/liability signals default.pdf Graphic file (type pdf)
<use ../Figures/liability signals default.pdf>
Package pdftex.def Info: ../Figures/liability signals default.pdf  used on inpu
t line 98.
(pdftex.def)             Requested size: 306.30617pt x 227.77776pt.


[8 <../Figures/liability signals default.pdf>]

[9]
<../Figures/game tree 2x2x2 end.pdf, id=483, 1255.87393pt x 570.16713pt>
File: ../Figures/game tree 2x2x2 end.pdf Graphic file (type pdf)
<use ../Figures/game tree 2x2x2 end.pdf>
Package pdftex.def Info: ../Figures/game tree 2x2x2 end.pdf  used on input line
 125.
(pdftex.def)             Requested size: 313.96771pt x 142.54143pt.


[10 <../Figures/game tree 2x2x2 end.pdf>]

[11]
<../Figures/game tree 2x2x2 beginning simplified.pdf, id=508, 387.34813pt x 187
.99936pt>
File: ../Figures/game tree 2x2x2 beginning simplified.pdf Graphic file (type pd
f)
<use ../Figures/game tree 2x2x2 beginning simplified.pdf>
Package pdftex.def Info: ../Figures/game tree 2x2x2 beginning simplified.pdf  u
sed on input line 142.
(pdftex.def)             Requested size: 96.83679pt x 46.99971pt.
<../Figures/game tree 2x2x2 end simplified.pdf, id=511, 1085.15814pt x 513.2615
4pt>
File: ../Figures/game tree 2x2x2 end simplified.pdf Graphic file (type pdf)
<use ../Figures/game tree 2x2x2 end simplified.pdf>
Package pdftex.def Info: ../Figures/game tree 2x2x2 end simplified.pdf  used on
 input line 151.
(pdftex.def)             Requested size: 271.28886pt x 128.31506pt.


LaTeX Warning: `!h' float specifier changed to `!ht'.



[12 <../Figures/game tree 2x2x2 beginning simplified.pdf>]

[13 <../Figures/game tree 2x2x2 end simplified.pdf>]
<../Figures/File and answer decisions (American).pdf, id=542, 684.23329pt x 144
.66145pt>
File: ../Figures/File and answer decisions (American).pdf Graphic file (type pd
f)
<use ../Figures/File and answer decisions (American).pdf>
Package pdftex.def Info: ../Figures/File and answer decisions (American).pdf  u
sed on input line 172.
(pdftex.def)             Requested size: 342.1158pt x 72.33054pt.


LaTeX Warning: `!h' float specifier changed to `!ht'.

<../Figures/File and answer decisions (British).pdf, id=544, 684.23329pt x 144.
66145pt>
File: ../Figures/File and answer decisions (British).pdf Graphic file (type pdf
)
<use ../Figures/File and answer decisions (British).pdf>
Package pdftex.def Info: ../Figures/File and answer decisions (British).pdf  us
ed on input line 179.
(pdftex.def)             Requested size: 342.1158pt x 72.33054pt.

LaTeX Warning: `!h' float specifier changed to `!ht'.



[14]

[15 <../Figures/File and answer decisions (American).pdf> <../Figures/File and 
answer decisions (British).pdf>]
<../Figures/Offers heatmap (American).pdf, id=593, 684.34369pt x 144.66145pt>
File: ../Figures/Offers heatmap (American).pdf Graphic file (type pdf)
<use ../Figures/Offers heatmap (American).pdf>
Package pdftex.def Info: ../Figures/Offers heatmap (American).pdf  used on inpu
t line 192.
(pdftex.def)             Requested size: 342.171pt x 72.33054pt.
<../Figures/Offers heatmap (British).pdf, id=595, 684.34369pt x 144.66145pt>
File: ../Figures/Offers heatmap (British).pdf Graphic file (type pdf)
<use ../Figures/Offers heatmap (British).pdf>
Package pdftex.def Info: ../Figures/Offers heatmap (British).pdf  used on input
 line 199.
(pdftex.def)             Requested size: 342.171pt x 72.33054pt.

Overfull \hbox (0.26451pt too wide) in paragraph at lines 204--205
\OT1/cmr/m/n/10 man and Wittman (2007) [[]9[]]) rec-og-nize that each party fac
es a trade-off: Greater
 []



[16 <../Figures/Offers heatmap (American).pdf> <../Figures/Offers heatmap (Brit
ish).pdf>]
<../Figures/Source of error costs and expenditures (American).pdf, id=639, 396.
6318pt x 417.12941pt>
File: ../Figures/Source of error costs and expenditures (American).pdf Graphic 
file (type pdf)
<use ../Figures/Source of error costs and expenditures (American).pdf>
Package pdftex.def Info: ../Figures/Source of error costs and expenditures (Ame
rican).pdf  used on input line 214.
(pdftex.def)             Requested size: 277.64037pt x 291.98859pt.
<../Figures/Source of error costs and expenditures (British).pdf, id=641, 396.6
318pt x 417.12941pt>
File: ../Figures/Source of error costs and expenditures (British).pdf Graphic f
ile (type pdf)
<use ../Figures/Source of error costs and expenditures (British).pdf>
Package pdftex.def Info: ../Figures/Source of error costs and expenditures (Bri
tish).pdf  used on input line 220.
(pdftex.def)             Requested size: 277.64037pt x 291.98859pt.


[17]

[18 <../Figures/Source of error costs and expenditures (American).pdf> <../Figu
res/Source of error costs and expenditures (British).pdf>]
<../Figures/Disposition Baseline.pdf, id=694, 569.055pt x 662.94876pt>
File: ../Figures/Disposition Baseline.pdf Graphic file (type pdf)
<use ../Figures/Disposition Baseline.pdf>
Package pdftex.def Info: ../Figures/Disposition Baseline.pdf  used on input lin
e 238.
(pdftex.def)             Requested size: 284.5268pt x 331.47357pt.


LaTeX Warning: `!h' float specifier changed to `!ht'.



[19]

[20 <../Figures/Disposition Baseline.pdf>]

[21]
<../Figures/Accuracy and Expenditures Baseline.pdf, id=739, 569.055pt x 662.948
76pt>
File: ../Figures/Accuracy and Expenditures Baseline.pdf Graphic file (type pdf)

<use ../Figures/Accuracy and Expenditures Baseline.pdf>
Package pdftex.def Info: ../Figures/Accuracy and Expenditures Baseline.pdf  use
d on input line 255.
(pdftex.def)             Requested size: 284.5268pt x 331.47357pt.


[22 <../Figures/Accuracy and Expenditures Baseline.pdf>]
<../Figures/risk aversion.pdf, id=770, 421.72758pt x 106.40755pt>
File: ../Figures/risk aversion.pdf Graphic file (type pdf)
<use ../Figures/risk aversion.pdf>
Package pdftex.def Info: ../Figures/risk aversion.pdf  used on input line 268.
(pdftex.def)             Requested size: 168.68803pt x 42.56226pt.
<../Figures/Disposition Varying Risk Aversion.pdf, id=773, 569.055pt x 662.9487
6pt>
File: ../Figures/Disposition Varying Risk Aversion.pdf Graphic file (type pdf)
<use ../Figures/Disposition Varying Risk Aversion.pdf>
Package pdftex.def Info: ../Figures/Disposition Varying Risk Aversion.pdf  used
 on input line 279.
(pdftex.def)             Requested size: 284.5268pt x 331.47357pt.


LaTeX Warning: `!h' float specifier changed to `!ht'.



[23 <../Figures/risk aversion.pdf>]

[24 <../Figures/Disposition Varying Risk Aversion.pdf>]
<../Figures/Accuracy and Expenditures Varying Risk Aversion.pdf, id=831, 569.05
5pt x 662.94876pt>
File: ../Figures/Accuracy and Expenditures Varying Risk Aversion.pdf Graphic fi
le (type pdf)
<use ../Figures/Accuracy and Expenditures Varying Risk Aversion.pdf>
Package pdftex.def Info: ../Figures/Accuracy and Expenditures Varying Risk Aver
sion.pdf  used on input line 288.
(pdftex.def)             Requested size: 284.5268pt x 331.47357pt.
<../Figures/Disposition Varying Risk Aversion Asymmetry.pdf, id=834, 569.055pt 
x 662.94876pt>
File: ../Figures/Disposition Varying Risk Aversion Asymmetry.pdf Graphic file (
type pdf)
<use ../Figures/Disposition Varying Risk Aversion Asymmetry.pdf>
Package pdftex.def Info: ../Figures/Disposition Varying Risk Aversion Asymmetry
.pdf  used on input line 299.
(pdftex.def)             Requested size: 284.5268pt x 331.47357pt.


LaTeX Warning: `!h' float specifier changed to `!ht'.



[25 <../Figures/Accuracy and Expenditures Varying Risk Aversion.pdf>]

[26 <../Figures/Disposition Varying Risk Aversion Asymmetry.pdf>]
<../Figures/Accuracy and Expenditures Varying Risk Aversion Asymmetry.pdf, id=8
96, 569.055pt x 662.94876pt>
File: ../Figures/Accuracy and Expenditures Varying Risk Aversion Asymmetry.pdf 
Graphic file (type pdf)
<use ../Figures/Accuracy and Expenditures Varying Risk Aversion Asymmetry.pdf>
Package pdftex.def Info: ../Figures/Accuracy and Expenditures Varying Risk Aver
sion Asymmetry.pdf  used on input line 308.
(pdftex.def)             Requested size: 284.5268pt x 331.47357pt.


[27 <../Figures/Accuracy and Expenditures Varying Risk Aversion Asymmetry.pdf>]
<../Figures/Disposition Varying Noise Multiplier.pdf, id=928, 569.055pt x 662.9
4876pt>
File: ../Figures/Disposition Varying Noise Multiplier.pdf Graphic file (type pd
f)
<use ../Figures/Disposition Varying Noise Multiplier.pdf>
Package pdftex.def Info: ../Figures/Disposition Varying Noise Multiplier.pdf  u
sed on input line 327.
(pdftex.def)             Requested size: 398.33578pt x 464.06097pt.
<../Figures/Accuracy and Expenditures Varying Noise Multiplier.pdf, id=930, 574
.60068pt x 655.13557pt>
File: ../Figures/Accuracy and Expenditures Varying Noise Multiplier.pdf Graphic
 file (type pdf)
<use ../Figures/Accuracy and Expenditures Varying Noise Multiplier.pdf>
Package pdftex.def Info: ../Figures/Accuracy and Expenditures Varying Noise Mul
tiplier.pdf  used on input line 333.
(pdftex.def)             Requested size: 402.21771pt x 458.59177pt.


[28]

[29 <../Figures/Disposition Varying Noise Multiplier.pdf> <../Figures/Accuracy 
and Expenditures Varying Noise Multiplier.pdf>]
<../Figures/Disposition Varying Information Asymmetry.pdf, id=988, 569.055pt x 
662.94876pt>
File: ../Figures/Disposition Varying Information Asymmetry.pdf Graphic file (ty
pe pdf)
<use ../Figures/Disposition Varying Information Asymmetry.pdf>
Package pdftex.def Info: ../Figures/Disposition Varying Information Asymmetry.p
df  used on input line 353.
(pdftex.def)             Requested size: 398.33578pt x 464.06097pt.
<../Figures/Accuracy and Expenditures Varying Information Asymmetry.pdf, id=990
, 569.055pt x 662.94876pt>
File: ../Figures/Accuracy and Expenditures Varying Information Asymmetry.pdf Gr
aphic file (type pdf)
<use ../Figures/Accuracy and Expenditures Varying Information Asymmetry.pdf>
Package pdftex.def Info: ../Figures/Accuracy and Expenditures Varying Informati
on Asymmetry.pdf  used on input line 359.
(pdftex.def)             Requested size: 398.33578pt x 464.06097pt.


[30 <../Figures/Disposition Varying Information Asymmetry.pdf> <../Figures/Accu
racy and Expenditures Varying Information Asymmetry.pdf>]
<../Figures/Accuracy and Expenditures Varying Case Strength Noise Costs 1.pdf, 
id=1043, 569.055pt x 207.70499pt>
File: ../Figures/Accuracy and Expenditures Varying Case Strength Noise Costs 1.
pdf Graphic file (type pdf)
<use ../Figures/Accuracy and Expenditures Varying Case Strength Noise Costs 1.p
df>
Package pdftex.def Info: ../Figures/Accuracy and Expenditures Varying Case Stre
ngth Noise Costs 1.pdf  used on input line 373.
(pdftex.def)             Requested size: 284.5268pt x 103.85223pt.


LaTeX Warning: `!h' float specifier changed to `!ht'.



[31]
<../Figures/Disposition Varying Relative Costs.pdf, id=1053, 569.055pt x 662.94
876pt>
File: ../Figures/Disposition Varying Relative Costs.pdf Graphic file (type pdf)

<use ../Figures/Disposition Varying Relative Costs.pdf>
Package pdftex.def Info: ../Figures/Disposition Varying Relative Costs.pdf  use
d on input line 390.
(pdftex.def)             Requested size: 398.33578pt x 464.06097pt.
<../Figures/Accuracy and Expenditures Varying Relative Costs.pdf, id=1055, 569.
055pt x 662.94876pt>
File: ../Figures/Accuracy and Expenditures Varying Relative Costs.pdf Graphic f
ile (type pdf)
<use ../Figures/Accuracy and Expenditures Varying Relative Costs.pdf>
Package pdftex.def Info: ../Figures/Accuracy and Expenditures Varying Relative 
Costs.pdf  used on input line 396.
(pdftex.def)             Requested size: 398.33578pt x 464.06097pt.


[32 <../Figures/Accuracy and Expenditures Varying Case Strength Noise Costs 1.p
df> <../Figures/Disposition Varying Relative Costs.pdf> <../Figures/Accuracy an
d Expenditures Varying Relative Costs.pdf>]
<../Figures/Disposition Varying Proportion of Costs at Beginning.pdf, id=1134, 
569.055pt x 662.94876pt>
File: ../Figures/Disposition Varying Proportion of Costs at Beginning.pdf Graph
ic file (type pdf)
<use ../Figures/Disposition Varying Proportion of Costs at Beginning.pdf>
Package pdftex.def Info: ../Figures/Disposition Varying Proportion of Costs at 
Beginning.pdf  used on input line 414.
(pdftex.def)             Requested size: 398.33578pt x 464.06097pt.
<../Figures/Accuracy and Expenditures Varying Proportion of Costs at Beginning.
pdf, id=1136, 569.055pt x 662.94876pt>
File: ../Figures/Accuracy and Expenditures Varying Proportion of Costs at Begin
ning.pdf Graphic file (type pdf)
<use ../Figures/Accuracy and Expenditures Varying Proportion of Costs at Beginn
ing.pdf>
Package pdftex.def Info: ../Figures/Accuracy and Expenditures Varying Proportio
n of Costs at Beginning.pdf  used on input line 420.
(pdftex.def)             Requested size: 398.33578pt x 464.06097pt.


[33]
<../Figures/damages signals.pdf, id=1145, 435.72687pt x 569.4545pt>
File: ../Figures/damages signals.pdf Graphic file (type pdf)
<use ../Figures/damages signals.pdf>
Package pdftex.def Info: ../Figures/damages signals.pdf  used on input line 436
.
(pdftex.def)             Requested size: 174.28764pt x 227.77776pt.


LaTeX Warning: `!h' float specifier changed to `!ht'.



[34 <../Figures/Disposition Varying Proportion of Costs at Beginning.pdf> <../F
igures/Accuracy and Expenditures Varying Proportion of Costs at Beginning.pdf>]
<../Figures/Disposition Varying Issue.pdf, id=1201, 569.055pt x 662.94876pt>
File: ../Figures/Disposition Varying Issue.pdf Graphic file (type pdf)
<use ../Figures/Disposition Varying Issue.pdf>
Package pdftex.def Info: ../Figures/Disposition Varying Issue.pdf  used on inpu
t line 447.
(pdftex.def)             Requested size: 398.33578pt x 464.06097pt.
<../Figures/Accuracy and Expenditures Varying Issue.pdf, id=1203, 569.055pt x 6
62.94876pt>
File: ../Figures/Accuracy and Expenditures Varying Issue.pdf Graphic file (type
 pdf)
<use ../Figures/Accuracy and Expenditures Varying Issue.pdf>
Package pdftex.def Info: ../Figures/Accuracy and Expenditures Varying Issue.pdf
  used on input line 453.
(pdftex.def)             Requested size: 398.33578pt x 464.06097pt.


[35 <../Figures/damages signals.pdf>]
<../Figures/Disposition Varying Fee Shifting Rule (Damages Issue).pdf, id=1416,
 561.91634pt x 653.38501pt>
File: ../Figures/Disposition Varying Fee Shifting Rule (Damages Issue).pdf Grap
hic file (type pdf)
<use ../Figures/Disposition Varying Fee Shifting Rule (Damages Issue).pdf>
Package pdftex.def Info: ../Figures/Disposition Varying Fee Shifting Rule (Dama
ges Issue).pdf  used on input line 467.
(pdftex.def)             Requested size: 393.33875pt x 457.36638pt.
<../Figures/Accuracy and Expenditures Varying Fee Shifting Rule (Damages Issue)
.pdf, id=1418, 569.055pt x 662.94876pt>
File: ../Figures/Accuracy and Expenditures Varying Fee Shifting Rule (Damages I
ssue).pdf Graphic file (type pdf)
<use ../Figures/Accuracy and Expenditures Varying Fee Shifting Rule (Damages Is
sue).pdf>
Package pdftex.def Info: ../Figures/Accuracy and Expenditures Varying Fee Shift
ing Rule (Damages Issue).pdf  used on input line 473.
(pdftex.def)             Requested size: 398.33578pt x 464.06097pt.


[36 <../Figures/Disposition Varying Issue.pdf> <../Figures/Accuracy and Expendi
tures Varying Issue.pdf>]

[37 <../Figures/Disposition Varying Fee Shifting Rule (Damages Issue).pdf> <../
Figures/Accuracy and Expenditures Varying Fee Shifting Rule (Damages Issue).pdf
>]
<../Figures/Disposition Varying Quitting Rules.pdf, id=1517, 569.055pt x 662.94
876pt>
File: ../Figures/Disposition Varying Quitting Rules.pdf Graphic file (type pdf)

<use ../Figures/Disposition Varying Quitting Rules.pdf>
Package pdftex.def Info: ../Figures/Disposition Varying Quitting Rules.pdf  use
d on input line 493.
(pdftex.def)             Requested size: 398.33578pt x 464.06097pt.
<../Figures/Accuracy and Expenditures Varying Quitting Rules.pdf, id=1519, 569.
055pt x 662.94876pt>
File: ../Figures/Accuracy and Expenditures Varying Quitting Rules.pdf Graphic f
ile (type pdf)
<use ../Figures/Accuracy and Expenditures Varying Quitting Rules.pdf>
Package pdftex.def Info: ../Figures/Accuracy and Expenditures Varying Quitting 
Rules.pdf  used on input line 499.
(pdftex.def)             Requested size: 398.33578pt x 464.06097pt.


[38 <../Figures/Disposition Varying Quitting Rules.pdf> <../Figures/Accuracy an
d Expenditures Varying Quitting Rules.pdf>]
<../Figures/Baseline multiple equilibria (American).pdf, id=1573, 325.80121pt x
 189.31528pt>
File: ../Figures/Baseline multiple equilibria (American).pdf Graphic file (type
 pdf)
<use ../Figures/Baseline multiple equilibria (American).pdf>
Package pdftex.def Info: ../Figures/Baseline multiple equilibria (American).pdf
  used on input line 519.
(pdftex.def)             Requested size: 162.90019pt x 94.6574pt.
<../Figures/Baseline multiple equilibria (British).pdf, id=1575, 325.80121pt x 
189.31929pt>
File: ../Figures/Baseline multiple equilibria (British).pdf Graphic file (type 
pdf)
<use ../Figures/Baseline multiple equilibria (British).pdf>
Package pdftex.def Info: ../Figures/Baseline multiple equilibria (British).pdf 
 used on input line 525.
(pdftex.def)             Requested size: 162.90019pt x 94.65941pt.


[39 <../Figures/Baseline multiple equilibria (American).pdf> <../Figures/Baseli
ne multiple equilibria (British).pdf>]
<../Figures/Correlation between correlated and average equilibrium.pdf, id=1601
, 324.33571pt x 189.31929pt>
File: ../Figures/Correlation between correlated and average equilibrium.pdf Gra
phic file (type pdf)
<use ../Figures/Correlation between correlated and average equilibrium.pdf>
Package pdftex.def Info: ../Figures/Correlation between correlated and average 
equilibrium.pdf  used on input line 543.
(pdftex.def)             Requested size: 162.16745pt x 94.65941pt.


LaTeX Warning: `!h' float specifier changed to `!ht'.



[40]
File: ../Figures/Disposition Baseline.pdf Graphic file (type pdf)
<use ../Figures/Disposition Baseline.pdf>
Package pdftex.def Info: ../Figures/Disposition Baseline.pdf  used on input lin
e 556.
(pdftex.def)             Requested size: 85.35455pt x 99.43802pt.

Overfull \hbox (2.55266pt too wide) in paragraph at lines 556--557
 [][] 
 []


Underfull \hbox (badness 2512) in paragraph at lines 557--557
[]\OT1/cmr/m/n/10 Figure 39: |Risk
 []

<../Figures/Disposition Baseline (Small Tree).pdf, id=1611, 569.055pt x 662.948
76pt>
File: ../Figures/Disposition Baseline (Small Tree).pdf Graphic file (type pdf)
<use ../Figures/Disposition Baseline (Small Tree).pdf>
Package pdftex.def Info: ../Figures/Disposition Baseline (Small Tree).pdf  used
 on input line 562.
(pdftex.def)             Requested size: 85.35455pt x 99.43802pt.

Overfull \hbox (2.55266pt too wide) in paragraph at lines 562--563
 [][] 
 []


Underfull \hbox (badness 2512) in paragraph at lines 563--563
[]\OT1/cmr/m/n/10 Figure 40: |Risk
 []

<../Figures/Disposition (Risk Averse) Baseline.pdf, id=1613, 561.91634pt x 653.
38501pt>
File: ../Figures/Disposition (Risk Averse) Baseline.pdf Graphic file (type pdf)

<use ../Figures/Disposition (Risk Averse) Baseline.pdf>
Package pdftex.def Info: ../Figures/Disposition (Risk Averse) Baseline.pdf  use
d on input line 568.
(pdftex.def)             Requested size: 84.28381pt x 98.00351pt.

Overfull \hbox (1.48192pt too wide) in paragraph at lines 568--569
 [][] 
 []


Underfull \hbox (badness 2512) in paragraph at lines 569--569
[]\OT1/cmr/m/n/10 Figure 41: |Risk
 []

<../Figures/Disposition (Risk Averse) Baseline (Small Tree).pdf, id=1615, 569.0
55pt x 662.94876pt>
File: ../Figures/Disposition (Risk Averse) Baseline (Small Tree).pdf Graphic fi
le (type pdf)
<use ../Figures/Disposition (Risk Averse) Baseline (Small Tree).pdf>
Package pdftex.def Info: ../Figures/Disposition (Risk Averse) Baseline (Small T
ree).pdf  used on input line 574.
(pdftex.def)             Requested size: 85.35455pt x 99.43802pt.

Overfull \hbox (2.55266pt too wide) in paragraph at lines 574--575
 [][] 
 []


Underfull \hbox (badness 2512) in paragraph at lines 575--575
[]\OT1/cmr/m/n/10 Figure 42: |Risk
 []



[41 <../Figures/Correlation between correlated and average equilibrium.pdf> <..
/Figures/Disposition Baseline (Small Tree).pdf> <../Figures/Disposition (Risk A
verse) Baseline.pdf> <../Figures/Disposition (Risk Averse) Baseline (Small Tree
).pdf>]

[42]

[43]
Overfull \hbox (5.299pt too wide) in paragraph at lines 595--595
[]\OT1/cmr/m/n/10 John C Harsanyi. \  Games with in-com-plete in-for-ma-tion pl
ayed by 'Bayesian'
 []



[44]

[45] (corr_signals.aux)
 ***********
LaTeX2e <2024-06-01> patch level 2
L3 programming layer <2024-07-20>
 ***********
Package rerunfilecheck Info: File `corr_signals.out' has not changed.
(rerunfilecheck)             Checksum: 6C164E9ADB24C9776FF6314058DC45AC;3910.
Package logreq Info: Writing requests to 'corr_signals.run.xml'.
\openout1 = `corr_signals.run.xml'.

 ) 
Here is how much of TeX's memory you used:
 20938 strings out of 473899
 387542 string characters out of 5726500
 1939960 words of memory out of 5000000
 43455 multiletter control sequences out of 15000+600000
 568203 words of font info for 75 fonts, out of 8000000 for 9000
 1141 hyphenation exceptions out of 8191
 69i,9n,117p,2144b,1795s stack positions out of 10000i,1000n,20000p,200000b,200000s
<C:/Users/Admin/AppData/Local/Programs/MiKTeX/fonts/type1/public/amsfonts/cm/
cmbx10.pfb><C:/Users/Admin/AppData/Local/Programs/MiKTeX/fonts/type1/public/ams
fonts/cm/cmbx12.pfb><C:/Users/Admin/AppData/Local/Programs/MiKTeX/fonts/type1/p
ublic/amsfonts/cm/cmbx9.pfb><C:/Users/Admin/AppData/Local/Programs/MiKTeX/fonts
/type1/public/amsfonts/cm/cmmi10.pfb><C:/Users/Admin/AppData/Local/Programs/MiK
TeX/fonts/type1/public/amsfonts/cm/cmmi5.pfb><C:/Users/Admin/AppData/Local/Prog
rams/MiKTeX/fonts/type1/public/amsfonts/cm/cmmi7.pfb><C:/Users/Admin/AppData/Lo
cal/Programs/MiKTeX/fonts/type1/public/amsfonts/cm/cmr10.pfb><C:/Users/Admin/Ap
pData/Local/Programs/MiKTeX/fonts/type1/public/amsfonts/cm/cmr12.pfb><C:/Users/
Admin/AppData/Local/Programs/MiKTeX/fonts/type1/public/amsfonts/cm/cmr17.pfb><C
:/Users/Admin/AppData/Local/Programs/MiKTeX/fonts/type1/public/amsfonts/cm/cmr5
.pfb><C:/Users/Admin/AppData/Local/Programs/MiKTeX/fonts/type1/public/amsfonts/
cm/cmr7.pfb><C:/Users/Admin/AppData/Local/Programs/MiKTeX/fonts/type1/public/am
sfonts/cm/cmr9.pfb><C:/Users/Admin/AppData/Local/Programs/MiKTeX/fonts/type1/pu
blic/amsfonts/cm/cmsy10.pfb><C:/Users/Admin/AppData/Local/Programs/MiKTeX/fonts
/type1/public/amsfonts/cm/cmsy7.pfb><C:/Users/Admin/AppData/Local/Programs/MiKT
eX/fonts/type1/public/amsfonts/cm/cmti10.pfb><C:/Users/Admin/AppData/Local/Prog
rams/MiKTeX/fonts/type1/public/boondox/zxxrw8a.pfb>
Output written on corr_signals.pdf (45 pages, 1359967 bytes).
PDF statistics:
 1796 PDF objects out of 2073 (max. 8388607)
 130 named destinations out of 1000 (max. 500000)
 658 words of extra memory for PDF output out of 10000 (max. 10000000)

